         w __deregister_frame_info
         w __register_frame_info
         w userAppExit
         w userAppInit
00000000 00000802 B __ctru_dev_utf16_buf
00000000 A __sync_synchronize
00000000 b _TLS_MODULE_BASE_
00000000 a shift
00000000 a shift
00000804 00000401 B __ctru_dev_path_buf
00100000 A __start__
00100000 T _start
00100008 T __service_ptr
0010000c T __apt_appid
00100010 T __heap_size
00100014 T __linear_heap_size
00100018 T __system_arglist
0010001c T __system_runflags
00100020 t startup
00100058 t ClearMem
0010006c t ClrLoop
00100094 T _init
001000ac T __aeabi_idiv
001000ac 00000220 T __divsi3
001000b4 t .divsi3_skip_div0_test
001002cc 00000020 T __aeabi_idivmod
001002ec 00000004 W __aeabi_idiv0
001002ec 00000004 W __aeabi_ldiv0
00100308 00000390 T strcmp
00100690 t .udivsi3_skip_div0_test
00100690 T __aeabi_uidiv
00100690 000001ec T __udivsi3
0010087c 00000020 T __aeabi_uidivmod
0010089c t __do_global_dtors_aux
001008ec t frame_dummy
00100918 00000080 T pushUndo
00100998 00000084 T undo
00100a1c 00000084 T redo
00100aa0 000000f8 T generateCheckerboard
00100b98 00000110 T generateRotatedCheckerboard
00100ca8 00000088 T compositeImage
00100d30 000000b0 T scratchAt
00100de0 00000414 T main
001011f4 000000cc t gfxPresentFramebuffer
001012c0 00000010 T gfxSet3D
001012d0 000000f8 T gfxSetScreenFormat
001013c8 000000d8 T gfxInit
001014a0 00000010 T gfxInitDefault
001014b0 000000b8 T gfxExit
00101568 000000a0 T gfxGetFramebuffer
00101608 00000100 T gfxFlushBuffers
00101708 00000050 T gfxSwapBuffers
00101758 00000180 t aptConvertScreenForCapture
001018d8 00000008 W aptDspSleep
001018e0 00000004 W aptDspWakeup
001018e4 00000004 W aptDspCancel
001018e8 00000138 T aptSendCommand
00101a20 00000044 t aptExitProcess
00101a64 00000394 T aptExit
00101df8 000000d8 T aptHandleSleep
00101ed0 00000084 T APT_SleepIfShellClosed
00101f54 00000078 T aptSetSleepAllowed
00101fcc 00000084 T APT_UnlockTransition
00102050 00000470 t aptEventHandler
001024c0 000000bc T APT_ReceiveParameter
0010257c 000000b0 t aptReceiveParameter.constprop.0
00102630 00000294 t aptScreenTransfer
001028c4 000002d0 t aptWaitForWakeUp.isra.0
00102b94 000000f4 T aptJumpToHomeMenu
00102c88 00000058 T aptMainLoop
00102ce0 00000240 T aptInit
00102f20 00000090 T APT_CheckNew3DS
00102fb0 00000c70 t gspHardwareInit
00103c20 00000280 T gspInit
00103ea0 00000110 T gspExit
00103fb0 00000010 T gspHasGpuRight
00103fc0 000000a4 T gspPresentBuffer
00104064 00000050 T gspWaitForEvent
001040b4 00000004 W gxCmdQueueInterrupt
001040b8 00000154 t gspEventThreadMain
0010420c 00000050 T GSPGPU_FlushDataCache
0010425c 00000034 T GSPGPU_SetLcdForceBlack
00104290 00000080 T GSPGPU_AcquireRight
00104310 0000005c T GSPGPU_ReleaseRight
0010436c 0000007c T GSPGPU_ImportDisplayCaptureInfo
001043e8 0000002c T GSPGPU_SaveVramSysArea
00104414 0000002c T GSPGPU_RestoreVramSysArea
00104440 00000024 W hidShouldUseIrrst
00104464 000001cc T hidInit
00104630 000000e8 T hidExit
00104718 000002a0 T hidScanInput
001049b8 00000010 T hidKeysHeld
001049c8 00000010 T hidKeysDown
001049d8 00000018 T hidTouchRead
001049f0 00000018 T hidCircleRead
00104a08 000001a4 T irrstInit
00104bac 000000dc T irrstExit
00104c88 000000b4 T irrstScanInput
00104d3c 00000024 T irrstKeysHeld
00104d60 00000038 W __libctru_init
00104d98 0000016c W __system_initArgv
00104f04 00000030 T __syscall_getreent
00104f34 00000004 T __syscall_lock_acquire_recursive
00104f38 00000004 T __syscall_lock_release_recursive
00104f3c 00000004 T __syscall_exit
00104f40 00000054 T initThreadVars
00104f94 00000080 T __system_initSyscalls
00105014 T svcControlMemory
00105034 T svcQueryMemory
00105064 T svcExitProcess
0010506c T svcCreateThread
0010508c T svcExitThread
00105094 T svcSleepThread
0010509c T svcReleaseMutex
001050a4 T svcCreateEvent
001050b8 T svcSignalEvent
001050c0 T svcClearEvent
001050c8 T svcMapMemoryBlock
001050d0 T svcUnmapMemoryBlock
001050d8 T svcCreateAddressArbiter
001050ec T svcArbitrateAddressNoTimeout
001050f4 T svcCloseHandle
001050fc T svcWaitSynchronization
00105104 T svcWaitSynchronizationN
0010512c T svcDuplicateHandle
00105140 T svcConnectToPort
00105154 T svcSendSyncRequest
0010515c T svcGetResourceLimit
00105170 T svcGetResourceLimitLimitValues
00105178 T svcGetResourceLimitCurrentValues
00105180 T svcBreak
00105188 W initSystem
001051d8 W __ctru_exit
001051ec 00000024 t addrMapNodeComparator(rbtree_node const*, rbtree_node const*)
00105210 00000004 t addrMapNodeDestructor(rbtree_node*)
00105214 0000012c T linearMemAlign
00105340 00000008 T linearAlloc
00105348 0000005c T linearFree
001053a4 00000088 T MemPool::CoalesceRight(MemBlock*)
0010542c 00000178 T MemPool::Allocate(MemChunk&, unsigned long, int)
001055a4 00000118 T MemPool::Deallocate(MemChunk const&)
001056bc 00000030 T MemPool::GetFreeSpace()
001056ec 00000024 t addrMapNodeComparator(rbtree_node const*, rbtree_node const*)
00105710 00000004 t addrMapNodeDestructor(rbtree_node*)
00105714 00000248 T vramMemAlignAt
0010595c 0000000c T vramAlloc
00105968 00000094 T vramFree
001059fc 0000008c W envGetHandle
00105a88 00000050 W envDestroyHandles
00105ad8 00000034 T __ctru_speedup_config
00105b0c 00000164 T srvInit
00105c70 00000064 T srvExit
00105cd4 00000060 T srvEnableNotification
00105d34 000000a0 T srvGetServiceHandleDirect
00105dd4 00000048 T srvGetServiceHandle
00105e1c 00000034 T srvSubscribe
00105e50 00000060 T srvReceiveNotification
00105eb0 00000038 T srvPublishToSubscriber
00105ee8 0000000c T __sync_init
00105ef4 00000018 T __sync_fini
00105f0c 00000028 T syncArbitrateAddress
00105f34 000000ac T LightLock_Lock
00105fe0 00000054 T RecursiveLock_Lock
00106034 00000054 T RecursiveLock_Unlock
00106088 00000044 T LightEvent_Init
001060cc 000000b8 T LightEvent_Clear
00106184 000000dc T LightEvent_Signal
00106260 00000050 T LightEvent_TryWait
001062b0 000000ac T LightEvent_Wait
0010635c 000001fc T threadCreate
00106558 00000038 T threadFree
00106590 00000024 T threadJoin
001065b4 00000030 T threadGetCurrent
001065e4 00000040 T threadExit
00106624 00000020 t _thread_begin
00106644 00000090 t mappableFindAddressWithin
001066d4 00000028 T mappableInit
001066fc 0000007c T mappableAlloc
00106778 00000004 T mappableFree
0010677c 00000078 T ptmSysmInit
001067f4 0000003c T ptmSysmExit
00106830 00000034 T PTMSYSM_ConfigureNew3DSCPU
00106864 0000000c T srvPmGetSessionHandle
00106870 00000074 T rbtree_find
001068e4 00000010 T rbtree_init
001068f4 00000198 t do_insert
00106a8c 00000008 T rbtree_insert
00106a94 00000310 T rbtree_remove
00106da4 00000090 T rbtree_rotate
00106e38 000001e8 W __system_allocateHeaps
00107020 00000030 W __appExit
00107050 00000030 W __appInit
00107080 00000090 W __libctru_exit
00107110 00000014 t archive_link
00107124 00000014 t archive_dirreset
00107138 00000014 t archive_chmod
0010714c 00000024 t error_cmp
00107170 00000050 t archive_translate_error
001071c0 000000c0 t archive_seek
00107280 00000078 t _archiveInit.part.0
001072f8 000000d4 t archiveFindDevice.part.0
001073cc 00000298 t archive_utf16path
00107664 00000098 t _archiveUnmountDeviceStruct.part.0
001076fc 00000014 t archive_statvfs
00107710 00000014 t archive_fchmod
00107724 00000178 t _archiveMountDevice
0010789c 000000f8 t archive_diropen
00107994 000000ac t archive_fstat
00107a40 00000074 t archive_fsync
00107ab4 00000074 t archive_close
00107b28 00000078 t archive_dirclose
00107ba0 000000ec t sdmc_statvfs
00107c8c 000000f8 t archive_chdir
00107d84 0000008c t archive_ftruncate
00107e10 000000bc t archive_read
00107ecc 000000a8 t archive_unlink
00107f74 000000c0 t archive_rmdir
00108034 000000d8 t archive_mkdir
0010810c 000001a0 t archive_stat
001082ac 00000164 t archive_dirnext
00108410 0000013c t archive_write
00108550 00000254 t archive_open
001087a4 00000270 t archive_rename
00108a14 000001c8 T archiveMountSdmc
00108bdc 00000054 T archiveUnmountAll
00108c30 00000104 T fsInit
00108d34 0000003c T fsExit
00108d70 00000068 T fsExemptFromSession
00108dd8 00000050 T fsUnexemptFromSession
00108e28 000000cc T FSUSER_OpenFile
00108ef4 000000b8 T FSUSER_DeleteFile
00108fac 000000f4 T FSUSER_RenameFile
001090a0 000000b8 T FSUSER_DeleteDirectory
00109158 000000d0 T FSUSER_CreateFile
00109228 000000c0 T FSUSER_CreateDirectory
001092e8 000000f4 T FSUSER_RenameDirectory
001093dc 000000b4 T FSUSER_OpenDirectory
00109490 00000090 T FSUSER_OpenArchive
00109520 0000008c T FSUSER_CloseArchive
001095ac 00000074 T FSUSER_GetSdmcArchiveResource
00109620 00000064 T FSUSER_IsSdmcWritable
00109684 00000064 T FSFILE_Read
001096e8 0000006c T FSFILE_Write
00109754 00000044 T FSFILE_GetSize
00109798 00000028 T FSFILE_SetSize
001097c0 0000003c T FSFILE_Close
001097fc 00000024 T FSFILE_Flush
00109820 00000060 T FSDIR_Read
00109880 0000003c T FSDIR_Close
001098bc 00000060 T rbtree_node_next
0010991c 00000140 T decode_utf8
00109a5c 000000e8 T utf16_to_utf8
00109b44 000000c0 T utf8_to_utf16
00109c04 T __aeabi_read_tp
00109c10 00000054 T decode_utf16
00109c64 00000054 T encode_utf16
00109cb8 000000e0 T encode_utf8
00109d98 000000d8 T strncmp
00109e70 0000008c T strlen
00109efc 000001ec t _strtoul_l.isra.0
0010a0e8 0000003c T strtoul
0010a124 00000084 T __libc_init_array
0010a1a8 0000009c T strncat
0010a244 00000078 T bsearch
0010a2bc 00000028 T memalign
0010a2e4 0000082c T _malloc_r
0010ab10 00000114 T _malloc_trim_r
0010ac24 00000314 T _free_r
0010af38 0000003c T strnlen
0010af74 00000040 T malloc
0010afb4 00000020 T free
0010afd4 000000e4 T memset
0010b0b8 0000000c T __malloc_lock
0010b0c4 0000000c T __malloc_unlock
0010b0d0 00000004 W __call_exitprocs
0010b0d4 00000030 T exit
0010b104 000000d4 T strncpy
0010b1d8 0000012c T memcpy
0010b304 0000016c T _memalign_r
0010b470 0000003c T __libc_fini_array
0010b4ac 00000020 T _exit
0010b4cc 00000140 T chdir
0010b60c 000001c8 T _concatenate_path
0010b7d4 0000002c T __getreent
0010b800 00000008 t null_write
0010b808 00000018 T setDefaultDevice
0010b820 000000c4 T FindDevice
0010b8e4 00000028 T RemoveDevice
0010b90c 00000098 T AddDevice
0010b9a4 00000020 T GetDeviceOpTab
0010b9c4 00000078 W _sbrk_r
0010ba3c 0000001c T __libc_lock_acquire_recursive
0010ba58 0000001c T __libc_lock_release_recursive
0010ba74 00000140 T strchr
0010bbb4 00000048 T strrchr
0010bbfc T _fini
0010c028 00000008 r morton_y.2
0010c030 00000008 r morton_x.3
0010c038 00000008 r s_sleepWakeEvents.4
0010c0cc 0000000c r serviceNameTable.5
0010c0d8 00000030 r error_table
0010c108 00000080 r archive_devoptab
0010c188 00000101 R _ctype_
0010c28c 00000080 R dotab_stdnull
0010c30c R __tdata_align
0010c310 r __EH_FRAME_BEGIN__
0010c310 R __exidx_end
0010c310 R __exidx_start
0010d000 00000012 D rainbowColors
0010d014 00000004 D numColors
0010d018 00000004 d aptChainloadDeliverArgSize
0010d01c 00000004 d kCount
0010d020 00000004 d kInterval
0010d024 00000004 d kDelay
0010d028 W __stacksize__
0010d02c 00000004 D __malloc_sbrk_base
0010d030 00000004 D __malloc_trim_threshold
0010d038 00000408 D __malloc_av_
0010d440 00000004 D _impure_ptr
0010d448 00000140 D _impure_data
0010d588 00000400 d _current_working_directory
0010d988 0000008c D devoptab_list
0010da14 00000004 d defaultDevice
0010da20 d _GLOBAL_OFFSET_TABLE_
0010da2c d __frame_dummy_init_array_entry
0010da2c D __init_array_start
0010da2c B __preinit_array_end
0010da2c B __preinit_array_start
0010da2c D __tdata_lma
0010da2c D __tdata_lma_end
0010da30 d __do_global_dtors_aux_fini_array_entry
0010da30 D __fini_array_start
0010da30 D __init_array_end
0010da34 D __bss_start__
0010da34 D __fini_array_end
0010da34 00000004 B undoTop
0010da38 00000004 B redoTop
0010da3c 00000004 B currentColorIndex
0010da40 00000001 B useBlackBackground
0010da44 000bb800 B redoStack
001c9244 000bb800 B undoStack
00284a44 00012c00 B scratchMask
00297644 00038400 B rotatedImage
002cfa44 00038400 B baseImage
00307e44 b completed.1
00307e48 b object.0
00307e60 00000004 b screenAlloc
00307e64 00000004 b screenFree
00307e68 00000002 b gfxIsDoubleBuf
00307e6c 00000002 b gfxCurBuf
00307e6e 00000001 b gfxIsVram
00307e6f 00000001 b gfxTopMode
00307e70 00000002 b gfxFramebufferFormats
00307e74 00000004 b gfxBottomFramebufferMaxSize
00307e78 00000004 b gfxTopFramebufferMaxSize
00307e80 00000008 b gfxBottomFramebuffers
00307e88 00000008 b gfxTopFramebuffers
00307e90 00000001 b flagValue.0
00307e91 00000001 b flagInit.1
00307e94 00000004 b serviceName.6
00307e98 00000001 b aptChainloadFlags
00307e99 00000001 b aptChainloadMediatype
00307e9c 00000020 b aptChainloadHmac
00307ebc 00000300 b aptChainloadDeliverArg
003081c0 00000008 b aptChainloadTid
003081c8 00001000 b aptParameters
003091c8 00000004 b aptFlags
003091cc 00000001 b aptHomeButtonState
003091d0 00000004 b aptMessageFuncData
003091d4 00000004 b aptMessageFunc
003091d8 0000000c b aptFirstHook
003091e4 00000001 b aptEventHandlerThreadQuit
003091e8 00000004 b aptEventHandlerThread
003091ec 00000008 b aptSleepEvent
003091f4 00000008 b aptReceiveEvent
003091fc 00000008 b aptEvents
00309204 00000004 b aptLockHandle
00309208 00000004 b aptRefCount
0030920c 00000007 b gspEventCbOneShot
00309214 0000001c b gspEventCbData
00309230 0000001c b gspEventCb
0030924c 00000038 b gspEvents
00309284 00000004 b gspLastEvent
00309288 00000001 b gspRunEvents
0030928c 00000004 b gspEventThread
00309290 00000004 b gspEvent
00309294 00000001 b gspGpuRight
00309295 00000001 b gspThreadId
00309298 00000004 b gspSharedMem
0030929c 00000004 b gspSharedMemHandle
003092a0 00000004 b gspRefCount
003092a4 00000004 b gspGpuHandle
003092a8 00000001 b usingIrrst
003092ac 00000004 b hidRefCount
003092b0 00000006 b gRate
003092b8 00000006 b aVec
003092c0 00000004 b cPos
003092c4 00000004 b tPos
003092c8 00000004 b kRepeat
003092cc 00000004 b kUp
003092d0 00000004 b kDown
003092d4 00000004 b kHeld
003092d8 00000004 b kOld
003092dc 00000004 B hidSharedMem
003092e0 00000014 B hidEvents
003092f4 00000004 B hidMemHandle
003092f8 00000004 B hidHandle
003092fc 00000004 b irrstRefCount
00309300 00000004 b csPos
00309304 00000004 b kHeld
00309308 00000004 B irrstSharedMem
0030930c 00000004 B irrstEvent
00309310 00000004 B irrstMemHandle
00309314 00000004 B irrstHandle
00309318 00000004 B __system_retAddr
0030931c 00000004 B __system_argv
00309320 00000004 B __system_argc
00309324 b saved_stack
00309330 00000008 b sLinearPool
00309338 0000000c b sAddrMap
00309348 00000008 b sVramPoolB
00309350 00000008 b sVramPoolA
00309358 0000000c b sAddrMap
00309364 00000004 B __3dslink_host
00309368 00000001 V __ctru_speedup
0030936c 00000004 b srvRefCount
00309370 00000004 b srvHandle
00309374 00000004 b arbiter
00309378 00000004 b currentAddr
0030937c 00000004 b maxAddr
00309380 00000004 b minAddr
00309384 00000004 b ptmSysmRefCount
00309388 00000004 b ptmSysmHandle
0030938c 00000004 b srvPmHandle
00309390 00000004 V __ctru_linear_heap_size
00309394 00000004 V __ctru_heap_size
00309398 00000004 B __ctru_linear_heap
0030939c 00000004 B __ctru_heap
003093a0 000005c0 b archive_devices
00309960 00000004 b archive_device_cwd
00309964 00000001 b archive_initialized
00309968 00000080 b fsExemptArchives
003099e8 00000004 b fsuRefCount
003099ec 00000004 b fsuHandle
003099f0 00000168 B __sf
00309b58 00000004 B __stdio_exit_handler
00309b5c 00000028 B __malloc_current_mallinfo
00309b84 00000004 B __malloc_max_total_mem
00309b88 00000004 B __malloc_max_sbrked_mem
00309b8c 00000004 B __malloc_top_pad
00309b90 0000000c b __malloc_recursive_mutex
00309b9c 00000400 b temp_cwd
00309f9c 00000004 B fake_heap_start
00309fa0 00000004 B fake_heap_end
00309fa4 00000004 b heap_start.0
00309fa8 B __tls_start
0030abb0 B __bss_end__
0030abb0 A __end__
0030abb0 B __tls_end
